<?xml version="1.0" encoding="UTF-8"?>
<!-- Generated by org.testng.reporters.JUnitReportReporter -->
<testsuite skipped="0" hostname="LAPTOP-A9NAPJ1R" name="mavenProject.Mavenjava.SeleniumTest" tests="2" failures="0" timestamp="2021-12-21T10:25:47 CET" time="0.011" errors="0">
  <testcase name="BrowserAutomation" time="0.009" classname="mavenProject.Mavenjava.SeleniumTest"/>
  <system-out/>
  <testcase name="elementsUi" time="0.002" classname="mavenProject.Mavenjava.SeleniumTest"/>
  <system-out/>
</testsuite> <!-- mavenProject.Mavenjava.SeleniumTest -->
