<?xml version="1.0" encoding="UTF-8"?>
<!-- Generated by org.testng.reporters.JUnitReportReporter -->
<testsuite skipped="0" hostname="LAPTOP-A9NAPJ1R" name="mavenProject.Mavenjava.AppiumTest" tests="2" failures="0" timestamp="2021-12-21T10:25:57 CET" time="0.010" errors="0">
  <testcase name="IOSApps" time="0.008" classname="mavenProject.Mavenjava.AppiumTest"/>
  <system-out/>
  <testcase name="NativeAppAndroid" time="0.002" classname="mavenProject.Mavenjava.AppiumTest"/>
  <system-out/>
</testsuite> <!-- mavenProject.Mavenjava.AppiumTest -->
