<?xml version="1.0" encoding="UTF-8"?>
<!-- Generated by org.testng.reporters.JUnitReportReporter -->
<testsuite skipped="0" hostname="LAPTOP-A9NAPJ1R" name="mavenProject.Mavenjava.RestAPITest" tests="2" failures="0" timestamp="2021-12-21T10:26:03 CET" time="0.009" errors="0">
  <testcase name="deleteTwitter" time="0.007" classname="mavenProject.Mavenjava.RestAPITest"/>
  <system-out/>
  <testcase name="postJira" time="0.002" classname="mavenProject.Mavenjava.RestAPITest"/>
  <system-out/>
</testsuite> <!-- mavenProject.Mavenjava.RestAPITest -->
